c:\users\pixir\desktop\lab 3\moving.dot.sdl.dot\ser\x64\debug\vc141.pdb
c:\users\pixir\desktop\lab 3\moving.dot.sdl.dot\ser\x64\debug\vc141.idb
c:\users\pixir\desktop\lab 3\moving.dot.sdl.dot\ser\x64\debug\main.obj
c:\users\pixir\desktop\lab 3\moving.dot.sdl.dot\ser\x64\debug\qotd.obj
c:\users\pixir\desktop\lab 3\moving.dot.sdl.dot\ser\x64\debug\tcplistener.obj
c:\users\pixir\desktop\online-gaming\lab 3\moving.dot.sdl.dot\ser\x64\debug\vc141.pdb
c:\users\pixir\desktop\online-gaming\lab 3\moving.dot.sdl.dot\ser\x64\debug\vc141.idb
c:\users\pixir\desktop\online-gaming\lab 3\moving.dot.sdl.dot\ser\x64\debug\main.obj
c:\users\pixir\desktop\online-gaming\lab 3\moving.dot.sdl.dot\ser\x64\debug\qotd.obj
c:\users\pixir\desktop\online-gaming\lab 3\moving.dot.sdl.dot\ser\x64\debug\tcplistener.obj
c:\users\pixir\desktop\lab 3\moving.dot.sdl.dot\ser\x64\debug\lab_2.ilk
c:\users\pixir\desktop\lab 3\moving.dot.sdl.dot\ser\x64\debug\lab_2.exe
c:\users\pixir\desktop\lab 3\moving.dot.sdl.dot\ser\x64\debug\lab_2.pdb
c:\users\pixir\desktop\online-gaming\lab 3\moving.dot.sdl.dot\ser\x64\debug\lab_2.ilk
c:\users\pixir\desktop\online-gaming\lab 3\moving.dot.sdl.dot\ser\x64\debug\lab_2.exe
c:\users\pixir\desktop\online-gaming\lab 3\moving.dot.sdl.dot\ser\x64\debug\lab_2.pdb
c:\users\pixir\desktop\online-gaming\lab 3\moving.dot.sdl.dot\ser\x64\debug\lab_2.tlog\cl.command.1.tlog
c:\users\pixir\desktop\online-gaming\lab 3\moving.dot.sdl.dot\ser\x64\debug\lab_2.tlog\cl.read.1.tlog
c:\users\pixir\desktop\online-gaming\lab 3\moving.dot.sdl.dot\ser\x64\debug\lab_2.tlog\cl.write.1.tlog
c:\users\pixir\desktop\online-gaming\lab 3\moving.dot.sdl.dot\ser\x64\debug\lab_2.tlog\link.command.1.tlog
c:\users\pixir\desktop\online-gaming\lab 3\moving.dot.sdl.dot\ser\x64\debug\lab_2.tlog\link.read.1.tlog
c:\users\pixir\desktop\online-gaming\lab 3\moving.dot.sdl.dot\ser\x64\debug\lab_2.tlog\link.write.1.tlog
